[2022-07-20T15:32:23.756] [INFO] devops-prov.factory - Switching account key to: '1-6JHGX:1-8BYUX'
[2022-07-20T15:32:23.757] [INFO] devops-prov.factory - Switching account key to: '1-6JHGX:1-8BYUX'
[2022-07-20T15:32:23.757] [INFO] devops-prov.factory - Using credentials file: '/Users/cfonseca/.edgerc', section: 'papi'
[2022-07-20T15:32:23.758] [INFO] devops-prov - creating new project with info: {
    "projectName": "cfonsecapr.akamaized.net",
    "productId": "Adaptive_Media_Delivery",
    "contractId": "1-1NC95D",
    "groupIds": [
        65552
    ],
    "environments": [
        "cfonsecapr.akamaized.net",
        "qa",
        "dev",
        "staging"
    ],
    "environmentGroupIds": {
        "cfonsecapr.akamaized.net": 65552,
        "qa": 65552,
        "dev": 65552,
        "staging": 65552
    },
    "isInRetryMode": false,
    "variableMode": "default",
    "secureOption": true
}
[2022-07-20T15:32:23.758] [INFO] devops-prov - Creating new pipeline with data:  {
    "projectName": "cfonsecapr.akamaized.net",
    "productId": "Adaptive_Media_Delivery",
    "contractId": "1-1NC95D",
    "groupIds": [
        65552
    ],
    "environments": [
        "cfonsecapr.akamaized.net",
        "qa",
        "dev",
        "staging"
    ],
    "environmentGroupIds": {
        "cfonsecapr.akamaized.net": 65552,
        "qa": 65552,
        "dev": 65552,
        "staging": 65552
    },
    "isInRetryMode": false,
    "variableMode": "default",
    "secureOption": true
}
[2022-07-20T15:32:23.758] [INFO] devops-prov.project - creating pipeline /Users/cfonseca/Downloads/Devops/Pipeline/akamaidevops/cfonsecapr.akamaized.net, with environments: cfonsecapr.akamaized.net, qa, dev, staging
[2022-07-20T15:32:23.760] [INFO] devops-prov - Creating environment: 'cfonsecapr.akamaized.net'
[2022-07-20T15:32:23.760] [INFO] devops-prov.project - Overriding edgegrid config with project default:  { section: 'papi' }
[2022-07-20T15:32:23.761] [INFO] devops-prov.envionment - creating property 'cfonsecapr.akamaized.net.cfonsecapr.akamaized.net' tied to environment 'cfonsecapr.akamaized.net'
[2022-07-20T15:32:23.761] [INFO] devops-prov.factory - need to create papi
[2022-07-20T15:32:23.763] [INFO] devops-prov.openclient - Requesting: POST /papi/v1/properties?groupId=65552&contractId=1-1NC95D
[2022-07-20T15:32:23.766] [INFO] devops-prov.edgegrid.auth - Unsigned authorization header: EG1-HMAC-SHA256 client_token=akab-ddk2nyv6k5otvv5j-7fyfgmrbgrybki2m;access_token=akab-hyfomrrzz2d4y2jx-jzbu2iqlmk4bpzpu;timestamp=20220720T21:32:23+0000;nonce=29f007b7-7d8b-4301-a935-08db32942b2c;

[2022-07-20T15:32:23.766] [INFO] devops-prov.edgegrid.helpers - Body is "{"productId":"Adaptive_Media_Delivery","propertyName":"cfonsecapr.akamaized.net.cfonsecapr.akamaized.net"}"
[2022-07-20T15:32:23.767] [DEBUG] devops-prov.edgegrid.helpers - PREPARED BODY LENGTH 106
[2022-07-20T15:32:23.767] [INFO] devops-prov.edgegrid.helpers - Signing content: "{"productId":"Adaptive_Media_Delivery","propertyName":"cfonsecapr.akamaized.net.cfonsecapr.akamaized.net"}"
[2022-07-20T15:32:23.767] [DEBUG] devops-prov.edgegrid.helpers - PREPARED BODY {"productId":"Adaptive_Media_Delivery","propertyName":"cfonsecapr.akamaized.net.cfonsecapr.akamaized.net"}
[2022-07-20T15:32:23.767] [INFO] devops-prov.edgegrid.helpers - Content hash is "+IF110rgP12Kmk351EQxjAuBIAag8fHCHocWVpVYYoA="
[2022-07-20T15:32:23.767] [INFO] devops-prov.edgegrid.helpers - Data to sign: "POST	https	akab-dvp2qklrrldffgfa-mq2r35slbzijkcw2.luna.akamaiapis.net	/papi/v1/properties?groupId=65552&contractId=1-1NC95D&accountSwitchKey=1-6JHGX:1-8BYUX		+IF110rgP12Kmk351EQxjAuBIAag8fHCHocWVpVYYoA=	EG1-HMAC-SHA256 client_token=akab-ddk2nyv6k5otvv5j-7fyfgmrbgrybki2m;access_token=akab-hyfomrrzz2d4y2jx-jzbu2iqlmk4bpzpu;timestamp=20220720T21:32:23+0000;nonce=29f007b7-7d8b-4301-a935-08db32942b2c;" 

[2022-07-20T15:32:23.767] [INFO] devops-prov.edgegrid.helpers - Signing key: x9MW8AlsQcoXYSToqvugZ5zl4kwMHwLjx5bNntYyTjU=

[2022-07-20T15:32:23.768] [INFO] devops-prov.edgegrid.auth - Signed authorization header: EG1-HMAC-SHA256 client_token=akab-ddk2nyv6k5otvv5j-7fyfgmrbgrybki2m;access_token=akab-hyfomrrzz2d4y2jx-jzbu2iqlmk4bpzpu;timestamp=20220720T21:32:23+0000;nonce=29f007b7-7d8b-4301-a935-08db32942b2c;signature=nmi55x33xdZnzDVLkX/kOB26FCuV7kSaBBY16XkK7KY=

[2022-07-20T15:32:23.784] [INFO] devops-prov.edgegrid - request {
  debugId: 1,
  uri: 'https://akab-dvp2qklrrldffgfa-mq2r35slbzijkcw2.luna.akamaiapis.net/papi/v1/properties?groupId=65552&contractId=1-1NC95D&accountSwitchKey=1-6JHGX:1-8BYUX',
  method: 'POST',
  headers: {
    'X-User-Agent': 'Akamai-PD; Version=0.7.8-RELEASE',
    'User-Agent': 'Akamai-PD; Version=0.7.8-RELEASE',
    'Content-Type': 'application/json',
    Authorization: 'EG1-HMAC-SHA256 client_token=akab-ddk2nyv6k5otvv5j-7fyfgmrbgrybki2m;access_token=akab-hyfomrrzz2d4y2jx-jzbu2iqlmk4bpzpu;timestamp=20220720T21:32:23+0000;nonce=29f007b7-7d8b-4301-a935-08db32942b2c;signature=nmi55x33xdZnzDVLkX/kOB26FCuV7kSaBBY16XkK7KY=',
    host: 'akab-dvp2qklrrldffgfa-mq2r35slbzijkcw2.luna.akamaiapis.net',
    'content-length': 106
  },
  body: '{"productId":"Adaptive_Media_Delivery","propertyName":"cfonsecapr.akamaized.net.cfonsecapr.akamaized.net"}'
}
[2022-07-20T15:32:26.146] [INFO] devops-prov.edgegrid - response {
  debugId: 1,
  headers: {
    server: 'nginx',
    'content-type': 'application/problem+json;charset=UTF-8',
    'x-ids-session-id': '8a33320d-5a57-4764-8e2f-8bb1e0b3fb55, 8a33320d-5a57-4764-8e2f-8bb1e0b3fb55',
    'papi-cache-status': 'CACHE_MISS',
    'content-language': 'en',
    vary: 'Accept,Accept-Language, Accept-Encoding',
    'x-trace-id': 'fe9462d874686709',
    'content-length': '434',
    date: 'Wed, 20 Jul 2022 21:32:26 GMT',
    connection: 'close'
  },
  statusCode: 400,
  body: '{\n' +
    '  "type" : "https://problems.luna.akamaiapis.net/papi/v0/property/name-in-use",\n' +
    '  "title" : "Property name already in use",\n' +
    '  "detail" : "The name `cfonsecapr.akamaized.net.cfonsecapr.akamaized.net` is already being used.",\n' +
    '  "instance" : "https://akab-dvp2qklrrldffgfa-mq2r35slbzijkcw2.luna.akamaiapis.net/papi/v1/properties?groupId=65552&contractId=1-1NC95D&accountSwitchKey=1-6JHGX%3A1-8BYUX#fe9462d874686709",\n' +
    '  "status" : 400\n' +
    '}'
}
[2022-07-20T15:32:26.146] [ERROR] devops-prov.openclient - request failure, status code: '400', response body:  {
  "type" : "https://problems.luna.akamaiapis.net/papi/v0/property/name-in-use",
  "title" : "Property name already in use",
  "detail" : "The name `cfonsecapr.akamaized.net.cfonsecapr.akamaized.net` is already being used.",
  "instance" : "https://akab-dvp2qklrrldffgfa-mq2r35slbzijkcw2.luna.akamaiapis.net/papi/v1/properties?groupId=65552&contractId=1-1NC95D&accountSwitchKey=1-6JHGX%3A1-8BYUX#fe9462d874686709",
  "status" : 400
}
[2022-07-20T15:33:34.548] [INFO] devops-prov.factory - Switching account key to: '1-6JHGX:1-8BYUX'
[2022-07-20T15:33:34.550] [INFO] devops-prov.factory - Switching account key to: '1-6JHGX:1-8BYUX'
[2022-07-20T15:33:34.550] [INFO] devops-prov.factory - Using credentials file: '/Users/cfonseca/.edgerc', section: 'papi'
[2022-07-20T15:33:34.551] [INFO] devops-prov - creating new project with info: {
    "projectName": "cfonsecapr.akamaized.net",
    "productId": "Adaptive_Media_Delivery",
    "contractId": "1-1NC95D",
    "groupIds": [
        65552
    ],
    "environments": [
        "cfonsecapipeline",
        "qa",
        "dev",
        "staging"
    ],
    "environmentGroupIds": {
        "cfonsecapipeline": 65552,
        "qa": 65552,
        "dev": 65552,
        "staging": 65552
    },
    "isInRetryMode": false,
    "variableMode": "default",
    "secureOption": true
}
